<?xml version="1.0" encoding="UTF-8"?>
<!-- Generated by org.testng.reporters.JUnitXMLReporter -->
<testsuite hostname="SHASHIRANJAN" name="Workflow Tests" tests="5" failures="0" timestamp="22 Jun 2017 16:24:41 GMT" time="197.848" errors="0">
  <testcase name="Add_Child_Step_1_Valid_Input" time="60.41" classname="com.the99tests.photon.tests.WorkflowTest"/>
  <testcase name="Add_Child_Step_2" time="76.647" classname="com.the99tests.photon.tests.WorkflowTest"/>
  <testcase name="Add_Child_Step_3" time="13.016" classname="com.the99tests.photon.tests.WorkflowTest"/>
  <testcase name="Add_Child_Step_4" time="16.88" classname="com.the99tests.photon.tests.WorkflowTest"/>
  <testcase name="My_Lesson_To_Home" time="29.639" classname="com.the99tests.photon.tests.WorkflowTest"/>
</testsuite> <!-- Workflow Tests -->
