<?xml version="1.0" encoding="UTF-8"?>
<!-- Generated by org.testng.reporters.JUnitXMLReporter -->
<testsuite hostname="SHASHIRANJAN" name="Default test" tests="6" failures="0" timestamp="22 Jun 2017 15:12:47 GMT" time="178.576" errors="0">
  <testcase name="InstallApp" time="4.679" classname="com.the99tests.photon.tests.WorkflowTest"/>
  <testcase name="Add_Child_Step_1_Valid_Input" time="56.568" classname="com.the99tests.photon.tests.WorkflowTest"/>
  <testcase name="Add_Child_Step_2" time="59.567" classname="com.the99tests.photon.tests.WorkflowTest"/>
  <testcase name="Add_Child_Step_3" time="13.419" classname="com.the99tests.photon.tests.WorkflowTest"/>
  <testcase name="Add_Child_Step_4" time="13.831" classname="com.the99tests.photon.tests.WorkflowTest"/>
  <testcase name="My_Lesson_To_Home" time="30.099" classname="com.the99tests.photon.tests.WorkflowTest"/>
</testsuite> <!-- Default test -->
